Added Component: Designator=BZ1(Buzzer)
Added Component: Designator=C1(CAPC1005M)
Added Component: Designator=C2(RB7.6-15)
Added Component: Designator=C3(RB7.6-15)
Added Component: Designator=C4(CAPC1005M)
Added Component: Designator=C5(CAPC1005M)
Added Component: Designator=C6(CAPC1005M)
Added Component: Designator=D1(3.5X2.8X1.9)
Added Component: Designator=D2(3.5X2.8X1.9)
Added Component: Designator=D3(3.5X2.8X1.9)
Added Component: Designator=D4(3.5X2.8X1.9)
Added Component: Designator=D5(3.5X2.8X1.9)
Added Component: Designator=D6(3.5X2.8X1.9)
Added Component: Designator=D7(3.5X2.8X1.9)
Added Component: Designator=D8(3.5X2.8X1.9)
Added Component: Designator=D9(DO-41)
Added Component: Designator=D10(DO-41)
Added Component: Designator=D11(3.5X2.8X1.9)
Added Component: Designator=J1(KLD-0202)
Added Component: Designator=J2(PIN1)
Added Component: Designator=J3(PIN1)
Added Component: Designator=P1(MHDR1X20)
Added Component: Designator=P2(MHDR1X20)
Added Component: Designator=P3(HDR1X6)
Added Component: Designator=Q1(TO-226)
Added Component: Designator=R1(RPOT)
Added Component: Designator=R2(RESC1005M)
Added Component: Designator=R3(AXIAL-0.3)
Added Component: Designator=R4(AXIAL-0.3)
Added Component: Designator=R5(AXIAL-0.3)
Added Component: Designator=R6(AXIAL-0.3)
Added Component: Designator=R7(AXIAL-0.3)
Added Component: Designator=R8(AXIAL-0.3)
Added Component: Designator=R9(RESC1005M)
Added Component: Designator=R10(AXIAL-0.3)
Added Component: Designator=R11(AXIAL-0.3)
Added Component: Designator=R12(AXIAL-0.3)
Added Component: Designator=R13(AXIAL-0.3)
Added Component: Designator=S1(SPST-2)
Added Component: Designator=S2(SPST-2)
Added Component: Designator=U1(PDIP600-P40)
Added Component: Designator=VR1(SOT89M)
Added Pin To Net: NetName=GND Pin=C1-1
Added Pin To Net: NetName=GND Pin=C2-2
Added Pin To Net: NetName=GND Pin=C3-2
Added Pin To Net: NetName=GND Pin=C4-1
Added Pin To Net: NetName=GND Pin=C5-1
Added Pin To Net: NetName=GND Pin=C6-1
Added Pin To Net: NetName=GND Pin=D1-2
Added Pin To Net: NetName=GND Pin=D2-2
Added Pin To Net: NetName=GND Pin=D3-2
Added Pin To Net: NetName=GND Pin=D4-2
Added Pin To Net: NetName=GND Pin=D5-2
Added Pin To Net: NetName=GND Pin=D6-2
Added Pin To Net: NetName=GND Pin=D7-2
Added Pin To Net: NetName=GND Pin=D8-2
Added Pin To Net: NetName=GND Pin=D11-2
Added Pin To Net: NetName=GND Pin=J1-2A
Added Pin To Net: NetName=GND Pin=J1-2B
Added Pin To Net: NetName=GND Pin=J3-1
Added Pin To Net: NetName=GND Pin=P1-12
Added Pin To Net: NetName=GND Pin=P2-11
Added Pin To Net: NetName=GND Pin=P3-3
Added Pin To Net: NetName=GND Pin=R1-1
Added Pin To Net: NetName=GND Pin=S2-1
Added Pin To Net: NetName=GND Pin=U1-12
Added Pin To Net: NetName=GND Pin=U1-31
Added Pin To Net: NetName=GND Pin=VR1-2
Added Pin To Net: NetName=GND Pin=VR1-2
Added Net: Name=GND
Added Pin To Net: NetName=NetC1_2 Pin=C1-2
Added Pin To Net: NetName=NetC1_2 Pin=U1-11
Added Pin To Net: NetName=NetC1_2 Pin=U1-32
Added Net: Name=NetC1_2
Added Pin To Net: NetName=NetC2_1 Pin=C2-1
Added Pin To Net: NetName=NetC2_1 Pin=C4-2
Added Pin To Net: NetName=NetC2_1 Pin=D9-2
Added Pin To Net: NetName=NetC2_1 Pin=D10-2
Added Pin To Net: NetName=NetC2_1 Pin=VR1-1
Added Net: Name=NetC2_1
Added Pin To Net: NetName=NetC3_1 Pin=C3-1
Added Pin To Net: NetName=NetC3_1 Pin=C5-2
Added Pin To Net: NetName=NetC3_1 Pin=C6-2
Added Pin To Net: NetName=NetC3_1 Pin=D9-1
Added Pin To Net: NetName=NetC3_1 Pin=VR1-3
Added Net: Name=NetC3_1
Added Pin To Net: NetName=NetD1_1 Pin=D1-1
Added Pin To Net: NetName=NetD1_1 Pin=R3-1
Added Net: Name=NetD1_1
Added Pin To Net: NetName=NetD2_1 Pin=D2-1
Added Pin To Net: NetName=NetD2_1 Pin=R4-1
Added Net: Name=NetD2_1
Added Pin To Net: NetName=NetD3_1 Pin=D3-1
Added Pin To Net: NetName=NetD3_1 Pin=R5-1
Added Net: Name=NetD3_1
Added Pin To Net: NetName=NetD4_1 Pin=D4-1
Added Pin To Net: NetName=NetD4_1 Pin=R6-1
Added Net: Name=NetD4_1
Added Pin To Net: NetName=NetD5_1 Pin=D5-1
Added Pin To Net: NetName=NetD5_1 Pin=R7-1
Added Net: Name=NetD5_1
Added Pin To Net: NetName=NetD6_1 Pin=D6-1
Added Pin To Net: NetName=NetD6_1 Pin=R8-1
Added Net: Name=NetD6_1
Added Pin To Net: NetName=NetD7_1 Pin=D7-1
Added Pin To Net: NetName=NetD7_1 Pin=R10-1
Added Net: Name=NetD7_1
Added Pin To Net: NetName=NetD8_1 Pin=D8-1
Added Pin To Net: NetName=NetD8_1 Pin=R11-1
Added Net: Name=NetD8_1
Added Pin To Net: NetName=NetD10_1 Pin=D10-1
Added Pin To Net: NetName=NetD10_1 Pin=J1-1A
Added Pin To Net: NetName=NetD10_1 Pin=J1-1B
Added Net: Name=NetD10_1
Added Pin To Net: NetName=NetD11_1 Pin=D11-1
Added Pin To Net: NetName=NetD11_1 Pin=R13-2
Added Net: Name=NetD11_1
Added Pin To Net: NetName=NetJ1_3A Pin=J1-3A
Added Pin To Net: NetName=NetJ1_3A Pin=J1-3B
Added Net: Name=NetJ1_3A
Added Pin To Net: NetName=NetP1_1 Pin=P1-1
Added Pin To Net: NetName=NetP1_1 Pin=P3-1
Added Net: Name=NetP1_1
Added Pin To Net: NetName=NetP1_2 Pin=P1-2
Added Pin To Net: NetName=NetP1_2 Pin=R1-3
Added Pin To Net: NetName=NetP1_2 Pin=U1-2
Added Net: Name=NetP1_2
Added Pin To Net: NetName=NetP1_3 Pin=P1-3
Added Pin To Net: NetName=NetP1_3 Pin=U1-3
Added Net: Name=NetP1_3
Added Pin To Net: NetName=NetP1_4 Pin=P1-4
Added Pin To Net: NetName=NetP1_4 Pin=U1-4
Added Net: Name=NetP1_4
Added Pin To Net: NetName=NetP1_5 Pin=P1-5
Added Pin To Net: NetName=NetP1_5 Pin=U1-5
Added Net: Name=NetP1_5
Added Pin To Net: NetName=NetP1_6 Pin=P1-6
Added Pin To Net: NetName=NetP1_6 Pin=U1-6
Added Net: Name=NetP1_6
Added Pin To Net: NetName=NetP1_7 Pin=P1-7
Added Pin To Net: NetName=NetP1_7 Pin=U1-7
Added Net: Name=NetP1_7
Added Pin To Net: NetName=NetP1_8 Pin=P1-8
Added Pin To Net: NetName=NetP1_8 Pin=U1-8
Added Net: Name=NetP1_8
Added Pin To Net: NetName=NetP1_9 Pin=P1-9
Added Pin To Net: NetName=NetP1_9 Pin=U1-9
Added Net: Name=NetP1_9
Added Pin To Net: NetName=NetP1_10 Pin=P1-10
Added Pin To Net: NetName=NetP1_10 Pin=U1-10
Added Net: Name=NetP1_10
Added Pin To Net: NetName=NetP1_13 Pin=P1-13
Added Pin To Net: NetName=NetP1_13 Pin=U1-13
Added Net: Name=NetP1_13
Added Pin To Net: NetName=NetP1_14 Pin=P1-14
Added Pin To Net: NetName=NetP1_14 Pin=U1-14
Added Net: Name=NetP1_14
Added Pin To Net: NetName=NetP1_15 Pin=P1-15
Added Pin To Net: NetName=NetP1_15 Pin=U1-15
Added Net: Name=NetP1_15
Added Pin To Net: NetName=NetP1_16 Pin=P1-16
Added Pin To Net: NetName=NetP1_16 Pin=U1-16
Added Net: Name=NetP1_16
Added Pin To Net: NetName=NetP1_17 Pin=P1-17
Added Pin To Net: NetName=NetP1_17 Pin=U1-17
Added Net: Name=NetP1_17
Added Pin To Net: NetName=NetP1_18 Pin=P1-18
Added Pin To Net: NetName=NetP1_18 Pin=U1-18
Added Net: Name=NetP1_18
Added Pin To Net: NetName=NetP1_19 Pin=P1-19
Added Pin To Net: NetName=NetP1_19 Pin=R3-2
Added Pin To Net: NetName=NetP1_19 Pin=U1-19
Added Net: Name=NetP1_19
Added Pin To Net: NetName=NetP1_20 Pin=P1-20
Added Pin To Net: NetName=NetP1_20 Pin=R4-2
Added Pin To Net: NetName=NetP1_20 Pin=U1-20
Added Net: Name=NetP1_20
Added Pin To Net: NetName=NetP2_1 Pin=P2-1
Added Pin To Net: NetName=NetP2_1 Pin=R5-2
Added Pin To Net: NetName=NetP2_1 Pin=U1-21
Added Net: Name=NetP2_1
Added Pin To Net: NetName=NetP2_2 Pin=P2-2
Added Pin To Net: NetName=NetP2_2 Pin=R6-2
Added Pin To Net: NetName=NetP2_2 Pin=U1-22
Added Net: Name=NetP2_2
Added Pin To Net: NetName=NetP2_3 Pin=P2-3
Added Pin To Net: NetName=NetP2_3 Pin=R12-1
Added Pin To Net: NetName=NetP2_3 Pin=U1-23
Added Net: Name=NetP2_3
Added Pin To Net: NetName=NetP2_4 Pin=P2-4
Added Pin To Net: NetName=NetP2_4 Pin=U1-24
Added Net: Name=NetP2_4
Added Pin To Net: NetName=NetP2_5 Pin=P2-5
Added Pin To Net: NetName=NetP2_5 Pin=U1-25
Added Net: Name=NetP2_5
Added Pin To Net: NetName=NetP2_6 Pin=P2-6
Added Pin To Net: NetName=NetP2_6 Pin=U1-26
Added Net: Name=NetP2_6
Added Pin To Net: NetName=NetP2_7 Pin=P2-7
Added Pin To Net: NetName=NetP2_7 Pin=R7-2
Added Pin To Net: NetName=NetP2_7 Pin=U1-27
Added Net: Name=NetP2_7
Added Pin To Net: NetName=NetP2_8 Pin=P2-8
Added Pin To Net: NetName=NetP2_8 Pin=R8-2
Added Pin To Net: NetName=NetP2_8 Pin=U1-28
Added Net: Name=NetP2_8
Added Pin To Net: NetName=NetP2_9 Pin=P2-9
Added Pin To Net: NetName=NetP2_9 Pin=R10-2
Added Pin To Net: NetName=NetP2_9 Pin=U1-29
Added Net: Name=NetP2_9
Added Pin To Net: NetName=NetP2_10 Pin=P2-10
Added Pin To Net: NetName=NetP2_10 Pin=R11-2
Added Pin To Net: NetName=NetP2_10 Pin=U1-30
Added Net: Name=NetP2_10
Added Pin To Net: NetName=NetP2_13 Pin=P2-13
Added Pin To Net: NetName=NetP2_13 Pin=U1-33
Added Net: Name=NetP2_13
Added Pin To Net: NetName=NetP2_14 Pin=P2-14
Added Pin To Net: NetName=NetP2_14 Pin=U1-34
Added Net: Name=NetP2_14
Added Pin To Net: NetName=NetP2_15 Pin=P2-15
Added Pin To Net: NetName=NetP2_15 Pin=U1-35
Added Net: Name=NetP2_15
Added Pin To Net: NetName=NetP2_16 Pin=P2-16
Added Pin To Net: NetName=NetP2_16 Pin=U1-36
Added Net: Name=NetP2_16
Added Pin To Net: NetName=NetP2_17 Pin=P2-17
Added Pin To Net: NetName=NetP2_17 Pin=U1-37
Added Net: Name=NetP2_17
Added Pin To Net: NetName=NetP2_18 Pin=P2-18
Added Pin To Net: NetName=NetP2_18 Pin=U1-38
Added Net: Name=NetP2_18
Added Pin To Net: NetName=NetP2_19 Pin=P2-19
Added Pin To Net: NetName=NetP2_19 Pin=P3-5
Added Pin To Net: NetName=NetP2_19 Pin=U1-39
Added Net: Name=NetP2_19
Added Pin To Net: NetName=NetP2_20 Pin=P2-20
Added Pin To Net: NetName=NetP2_20 Pin=P3-4
Added Pin To Net: NetName=NetP2_20 Pin=U1-40
Added Net: Name=NetP2_20
Added Pin To Net: NetName=NetQ1_2 Pin=Q1-2
Added Pin To Net: NetName=NetQ1_2 Pin=R12-2
Added Net: Name=NetQ1_2
Added Pin To Net: NetName=NetR2_2 Pin=R2-2
Added Pin To Net: NetName=NetR2_2 Pin=S1-1
Added Net: Name=NetR2_2
Added Pin To Net: NetName=NetR9_1 Pin=R9-1
Added Pin To Net: NetName=NetR9_1 Pin=U1-1
Added Net: Name=NetR9_1
Added Pin To Net: NetName=VCC Pin=J2-1
Added Pin To Net: NetName=VCC Pin=P1-11
Added Pin To Net: NetName=VCC Pin=P2-12
Added Pin To Net: NetName=VCC Pin=P3-2
Added Pin To Net: NetName=VCC Pin=R1-2
Added Pin To Net: NetName=VCC Pin=R2-1
Added Pin To Net: NetName=VCC Pin=R9-2
Added Pin To Net: NetName=VCC Pin=R13-1
Added Pin To Net: NetName=VCC Pin=S2-2
Added Net: Name=VCC
Added Class: Name=MCU
Added Class: Name=POWER
Added Room: Name=MCU
Added Room: Name=POWER
