Removed Pin From Net: NetName=NetD1_1 Pin=R3-1
Removed Pin From Net: NetName=NetP1_19 Pin=R3-2
Removed Pin From Net: NetName=NetD2_1 Pin=R4-1
Removed Pin From Net: NetName=NetP1_20 Pin=R4-2
Removed Pin From Net: NetName=NetD3_1 Pin=R5-1
Removed Pin From Net: NetName=NetP2_1 Pin=R5-2
Removed Pin From Net: NetName=NetD4_1 Pin=R6-1
Removed Pin From Net: NetName=NetP2_2 Pin=R6-2
Removed Pin From Net: NetName=NetD5_1 Pin=R7-1
Removed Pin From Net: NetName=NetP2_7 Pin=R7-2
Removed Pin From Net: NetName=NetD6_1 Pin=R8-1
Removed Pin From Net: NetName=NetP2_8 Pin=R8-2
Removed Pin From Net: NetName=NetD7_1 Pin=R10-1
Removed Pin From Net: NetName=NetP2_9 Pin=R10-2
Removed Pin From Net: NetName=NetD8_1 Pin=R11-1
Removed Pin From Net: NetName=NetP2_10 Pin=R11-2
Change Component Footprint: Designator=R3 Old Footprint=AXIAL-0.3 New Footprint=RESC1005M
Change Component Footprint: Designator=R4 Old Footprint=AXIAL-0.3 New Footprint=RESC1005M
Change Component Footprint: Designator=R5 Old Footprint=AXIAL-0.3 New Footprint=RESC1005M
Change Component Footprint: Designator=R6 Old Footprint=AXIAL-0.3 New Footprint=RESC1005M
Change Component Footprint: Designator=R7 Old Footprint=AXIAL-0.3 New Footprint=RESC1005M
Change Component Footprint: Designator=R8 Old Footprint=AXIAL-0.3 New Footprint=RESC1005M
Change Component Footprint: Designator=R10 Old Footprint=AXIAL-0.3 New Footprint=RESC1005M
Change Component Footprint: Designator=R11 Old Footprint=AXIAL-0.3 New Footprint=RESC1005M
Added Pin To Net: NetName=NetP1_19 Pin=R3-1
Added Pin To Net: NetName=NetD1_1 Pin=R3-2
Added Pin To Net: NetName=NetP1_20 Pin=R4-1
Added Pin To Net: NetName=NetD2_1 Pin=R4-2
Added Pin To Net: NetName=NetP2_1 Pin=R5-1
Added Pin To Net: NetName=NetD3_1 Pin=R5-2
Added Pin To Net: NetName=NetP2_2 Pin=R6-1
Added Pin To Net: NetName=NetD4_1 Pin=R6-2
Added Pin To Net: NetName=NetP2_7 Pin=R7-1
Added Pin To Net: NetName=NetD5_1 Pin=R7-2
Added Pin To Net: NetName=NetP2_8 Pin=R8-1
Added Pin To Net: NetName=NetD6_1 Pin=R8-2
Added Pin To Net: NetName=NetP2_9 Pin=R10-1
Added Pin To Net: NetName=NetD7_1 Pin=R10-2
Added Pin To Net: NetName=NetP2_10 Pin=R11-1
Added Pin To Net: NetName=NetD8_1 Pin=R11-2
Added Member To Class: ClassName=MCU Member=Component R2 Res1
Added Member To Class: ClassName=MCU Member=Component R10 Res1
