Added Component: Designator=U2(RN2903)
Added Component: Designator=U4(OLED)
Added Pin To Net: NetName=GND Pin=U2-1
Added Pin To Net: NetName=NetP5_10 Pin=U2-2
Added Pin To Net: NetName=NetP5_9 Pin=U2-3
Added Pin To Net: NetName=NetP5_8 Pin=U2-4
Added Pin To Net: NetName=NetP5_7 Pin=U2-5
Added Pin To Net: NetName=NetP5_6 Pin=U2-6
Added Pin To Net: NetName=NetP5_5 Pin=U2-7
Added Pin To Net: NetName=GND Pin=U2-8
Added Pin To Net: NetName=NetP5_4 Pin=U2-9
Added Pin To Net: NetName=NetP5_3 Pin=U2-10
Added Pin To Net: NetName=GND Pin=U2-11
Added Pin To Net: NetName=VCC Pin=U2-12
Added Pin To Net: NetName=NetP5_2 Pin=U2-13
Added Pin To Net: NetName=NetP5_1 Pin=U2-14
Added Pin To Net: NetName=GND Pin=U2-20
Added Pin To Net: NetName=GND Pin=U2-21
Added Pin To Net: NetName=GND Pin=U2-22
Added Pin To Net: NetName=GND Pin=U2-24
Added Pin To Net: NetName=GND Pin=U2-26
Added Pin To Net: NetName=GND Pin=U2-27
Added Pin To Net: NetName=GND Pin=U2-28
Added Pin To Net: NetName=NetP1_5 Pin=U2-30
Added Pin To Net: NetName=NetP1_4 Pin=U2-31
Added Pin To Net: NetName=NetP1_1 Pin=U2-32
Added Pin To Net: NetName=GND Pin=U2-33
Added Pin To Net: NetName=VCC Pin=U2-34
Added Pin To Net: NetName=NetP4_2 Pin=U2-35
Added Pin To Net: NetName=NetP4_3 Pin=U2-36
Added Pin To Net: NetName=NetP4_4 Pin=U2-37
Added Pin To Net: NetName=NetP4_5 Pin=U2-38
Added Pin To Net: NetName=NetP4_6 Pin=U2-39
Added Pin To Net: NetName=NetP4_7 Pin=U2-40
Added Pin To Net: NetName=GND Pin=U2-41
Added Pin To Net: NetName=NetP4_8 Pin=U2-43
Added Pin To Net: NetName=NetP4_9 Pin=U2-44
Added Pin To Net: NetName=NetP4_10 Pin=U2-45
Added Pin To Net: NetName=NetP4_11 Pin=U2-46
Added Pin To Net: NetName=GND Pin=U2-47
Added Pin To Net: NetName=NetC4_2 Pin=U4-1
Added Pin To Net: NetName=NetC5_2 Pin=U4-2
Added Pin To Net: NetName=NetC6_2 Pin=U4-3
Added Pin To Net: NetName=NetC7_2 Pin=U4-4
Added Pin To Net: NetName=NetC8_2 Pin=U4-5
Added Pin To Net: NetName=NetC9_1 Pin=U4-6
Added Pin To Net: NetName=NetC9_2 Pin=U4-7
Added Pin To Net: NetName=NetC10_2 Pin=U4-8
Added Pin To Net: NetName=NetC10_1 Pin=U4-9
Added Pin To Net: NetName=NetC11_2 Pin=U4-10
Added Pin To Net: NetName=GND Pin=U4-11
Added Pin To Net: NetName=VCC Pin=U4-12
Added Pin To Net: NetName=NetP3_1 Pin=U4-13
Added Pin To Net: NetName=NetP3_2 Pin=U4-14
Added Pin To Net: NetName=NetP2_7 Pin=U4-15
Added Pin To Net: NetName=NetP3_3 Pin=U4-16
Added Pin To Net: NetName=NetP3_5 Pin=U4-17
Added Pin To Net: NetName=VCC Pin=U4-18
Added Pin To Net: NetName=GND Pin=U4-19
Added Member To Class: ClassName=Sheet1 Member=Component U2 RN2903
Added Member To Class: ClassName=Sheet1 Member=Component U4 OLED
Added Room: Name=Sheet1
