Added Component: Designator=C1(1608[0603])
Added Component: Designator=C2(1608[0603])
Added Component: Designator=C3(1608[0603])
Added Component: Designator=C4(1608[0603])
Added Component: Designator=C5(1608[0603])
Added Component: Designator=C6(1608[0603])
Added Component: Designator=C7(1608[0603])
Added Component: Designator=C8(1608[0603])
Added Component: Designator=C9(1608[0603])
Added Component: Designator=C10(1608[0603])
Added Component: Designator=C11(1608[0603])
Added Component: Designator=D1(Diode)
Added Component: Designator=D2(LED)
Added Component: Designator=D3(LED)
Added Component: Designator=D4(LED)
Added Component: Designator=P1(HDR1X6)
Added Component: Designator=P2(HDR1X7)
Added Component: Designator=P3(MHDR1X6)
Added Component: Designator=P4(HDR1X12)
Added Component: Designator=P5(HDR1X12)
Added Component: Designator=P6(MHDR1X8)
Added Component: Designator=P7(HDR1X5)
Added Component: Designator=P8(CONN USB MICRO B)
Added Component: Designator=P9(HDR1X6)
Added Component: Designator=R1(Resistor)
Added Component: Designator=R2(Resistor)
Added Component: Designator=R3(Resistor)
Added Component: Designator=R4(Resistor)
Added Component: Designator=R5(Resistor)
Added Component: Designator=R6(Resistor)
Added Component: Designator=R7(Resistor)
Added Component: Designator=R8(Resistor)
Added Component: Designator=S1(SPST-2)
Added Component: Designator=U1(SOT-223-DB3_L)
Added Component: Designator=U2(RN2903)
Added Component: Designator=U3(PNJ4K01FTR-ND)
Added Component: Designator=U4(OLED)
Added Component: Designator=U5(SOT95P237X10-3N)
Added Component: Designator=U6(TQFP80P1200X1200X120-44N)
Added Pin To Net: NetName=GND Pin=C1-1
Added Pin To Net: NetName=NetC1_2 Pin=C1-2
Added Pin To Net: NetName=GND Pin=C2-1
Added Pin To Net: NetName=VCC Pin=C2-2
Added Pin To Net: NetName=GND Pin=C3-1
Added Pin To Net: NetName=+3.3V Pin=C3-2
Added Pin To Net: NetName=GND Pin=C4-1
Added Pin To Net: NetName=NetC4_2 Pin=C4-2
Added Pin To Net: NetName=GND Pin=C5-1
Added Pin To Net: NetName=NetC5_2 Pin=C5-2
Added Pin To Net: NetName=GND Pin=C6-1
Added Pin To Net: NetName=NetC6_2 Pin=C6-2
Added Pin To Net: NetName=GND Pin=C7-1
Added Pin To Net: NetName=NetC7_2 Pin=C7-2
Added Pin To Net: NetName=GND Pin=C8-1
Added Pin To Net: NetName=NetC8_2 Pin=C8-2
Added Pin To Net: NetName=NetC9_1 Pin=C9-1
Added Pin To Net: NetName=NetC9_2 Pin=C9-2
Added Pin To Net: NetName=NetC10_1 Pin=C10-1
Added Pin To Net: NetName=NetC10_2 Pin=C10-2
Added Pin To Net: NetName=GND Pin=C11-1
Added Pin To Net: NetName=NetC11_2 Pin=C11-2
Added Pin To Net: NetName=NetC1_2 Pin=D1-1
Added Pin To Net: NetName=+VUSB Pin=D1-2
Added Pin To Net: NetName=NetD2_1 Pin=D2-1
Added Pin To Net: NetName=GND Pin=D2-2
Added Pin To Net: NetName=NetD3_1 Pin=D3-1
Added Pin To Net: NetName=GND Pin=D3-2
Added Pin To Net: NetName=NetD4_1 Pin=D4-1
Added Pin To Net: NetName=GND Pin=D4-2
Added Pin To Net: NetName=NetP1_1 Pin=P1-1
Added Pin To Net: NetName=VCC Pin=P1-2
Added Pin To Net: NetName=GND Pin=P1-3
Added Pin To Net: NetName=NetP1_4 Pin=P1-4
Added Pin To Net: NetName=NetP1_5 Pin=P1-5
Added Pin To Net: NetName=NetP2_1 Pin=P2-1
Added Pin To Net: NetName=NetP2_2 Pin=P2-2
Added Pin To Net: NetName=NetP2_3 Pin=P2-3
Added Pin To Net: NetName=NetP2_4 Pin=P2-4
Added Pin To Net: NetName=NetP2_5 Pin=P2-5
Added Pin To Net: NetName=NetP2_6 Pin=P2-6
Added Pin To Net: NetName=NetP2_7 Pin=P2-7
Added Pin To Net: NetName=NetP3_1 Pin=P3-1
Added Pin To Net: NetName=NetP3_2 Pin=P3-2
Added Pin To Net: NetName=NetP3_3 Pin=P3-3
Added Pin To Net: NetName=NetP3_4 Pin=P3-4
Added Pin To Net: NetName=NetP3_5 Pin=P3-5
Added Pin To Net: NetName=NetP3_6 Pin=P3-6
Added Pin To Net: NetName=NetP1_1 Pin=P4-1
Added Pin To Net: NetName=NetP4_2 Pin=P4-2
Added Pin To Net: NetName=NetP4_3 Pin=P4-3
Added Pin To Net: NetName=NetP4_4 Pin=P4-4
Added Pin To Net: NetName=NetP4_5 Pin=P4-5
Added Pin To Net: NetName=NetP4_6 Pin=P4-6
Added Pin To Net: NetName=NetP4_7 Pin=P4-7
Added Pin To Net: NetName=NetP4_8 Pin=P4-8
Added Pin To Net: NetName=NetP4_9 Pin=P4-9
Added Pin To Net: NetName=NetP4_10 Pin=P4-10
Added Pin To Net: NetName=NetP4_11 Pin=P4-11
Added Pin To Net: NetName=GND Pin=P4-12
Added Pin To Net: NetName=NetP5_1 Pin=P5-1
Added Pin To Net: NetName=NetP5_2 Pin=P5-2
Added Pin To Net: NetName=NetP5_3 Pin=P5-3
Added Pin To Net: NetName=NetP5_4 Pin=P5-4
Added Pin To Net: NetName=NetP5_5 Pin=P5-5
Added Pin To Net: NetName=NetP5_6 Pin=P5-6
Added Pin To Net: NetName=NetP5_7 Pin=P5-7
Added Pin To Net: NetName=NetP5_8 Pin=P5-8
Added Pin To Net: NetName=NetP5_9 Pin=P5-9
Added Pin To Net: NetName=NetP5_10 Pin=P5-10
Added Pin To Net: NetName=+3.3V Pin=P5-11
Added Pin To Net: NetName=GND Pin=P5-12
Added Pin To Net: NetName=NetP6_1 Pin=P6-1
Added Pin To Net: NetName=NetP6_2 Pin=P6-2
Added Pin To Net: NetName=NetP6_3 Pin=P6-3
Added Pin To Net: NetName=NetP6_4 Pin=P6-4
Added Pin To Net: NetName=NetP6_5 Pin=P6-5
Added Pin To Net: NetName=NetP6_6 Pin=P6-6
Added Pin To Net: NetName=NetP6_7 Pin=P6-7
Added Pin To Net: NetName=NetP6_8 Pin=P6-8
Added Pin To Net: NetName=NetP7_1 Pin=P7-1
Added Pin To Net: NetName=NetP7_2 Pin=P7-2
Added Pin To Net: NetName=NetP7_3 Pin=P7-3
Added Pin To Net: NetName=NetP7_4 Pin=P7-4
Added Pin To Net: NetName=NetP7_5 Pin=P7-5
Added Pin To Net: NetName=+VUSB Pin=P8-1
Added Pin To Net: NetName=NetP8_2 Pin=P8-2
Added Pin To Net: NetName=NetP8_3 Pin=P8-3
Added Pin To Net: NetName=GND Pin=P8-5
Added Pin To Net: NetName=GND Pin=P8-6
Added Pin To Net: NetName=GND Pin=P8-7
Added Pin To Net: NetName=GND Pin=P8-8
Added Pin To Net: NetName=GND Pin=P8-9
Added Pin To Net: NetName=NetP9_1 Pin=P9-1
Added Pin To Net: NetName=3.3V Pin=P9-2
Added Pin To Net: NetName=GND Pin=P9-3
Added Pin To Net: NetName=NetP9_4 Pin=P9-4
Added Pin To Net: NetName=NetP9_5 Pin=P9-5
Added Pin To Net: NetName=NetP1_1 Pin=R1-1
Added Pin To Net: NetName=VCC Pin=R1-2
Added Pin To Net: NetName=NetD2_1 Pin=R2-1
Added Pin To Net: NetName=+VUSB Pin=R2-2
Added Pin To Net: NetName=NetR3_1 Pin=R3-1
Added Pin To Net: NetName=+VUSB Pin=R3-2
Added Pin To Net: NetName=GND Pin=R4-1
Added Pin To Net: NetName=NetR3_1 Pin=R4-2
Added Pin To Net: NetName=NetP9_1 Pin=R5-1
Added Pin To Net: NetName=3.3V Pin=R5-2
Added Pin To Net: NetName=NetR6_1 Pin=R6-1
Added Pin To Net: NetName=VCC Pin=R6-2
Added Pin To Net: NetName=NetP2_1 Pin=R7-1
Added Pin To Net: NetName=NetD3_1 Pin=R7-2
Added Pin To Net: NetName=NetP2_2 Pin=R8-1
Added Pin To Net: NetName=NetD4_1 Pin=R8-2
Added Pin To Net: NetName=GND Pin=S1-1
Added Pin To Net: NetName=NetR6_1 Pin=S1-2
Added Pin To Net: NetName=NetC1_2 Pin=U1-1
Added Pin To Net: NetName=GND Pin=U1-2
Added Pin To Net: NetName=VCC Pin=U1-3
Added Pin To Net: NetName=GND Pin=U1-4
Added Pin To Net: NetName=GND Pin=U2-1
Added Pin To Net: NetName=NetP5_10 Pin=U2-2
Added Pin To Net: NetName=NetP5_9 Pin=U2-3
Added Pin To Net: NetName=NetP5_8 Pin=U2-4
Added Pin To Net: NetName=NetP5_7 Pin=U2-5
Added Pin To Net: NetName=NetP5_6 Pin=U2-6
Added Pin To Net: NetName=NetP5_5 Pin=U2-7
Added Pin To Net: NetName=GND Pin=U2-8
Added Pin To Net: NetName=NetP5_4 Pin=U2-9
Added Pin To Net: NetName=NetP5_3 Pin=U2-10
Added Pin To Net: NetName=GND Pin=U2-11
Added Pin To Net: NetName=VCC Pin=U2-12
Added Pin To Net: NetName=NetP5_2 Pin=U2-13
Added Pin To Net: NetName=NetP5_1 Pin=U2-14
Added Pin To Net: NetName=GND Pin=U2-20
Added Pin To Net: NetName=GND Pin=U2-21
Added Pin To Net: NetName=GND Pin=U2-22
Added Pin To Net: NetName=GND Pin=U2-24
Added Pin To Net: NetName=GND Pin=U2-26
Added Pin To Net: NetName=GND Pin=U2-27
Added Pin To Net: NetName=GND Pin=U2-28
Added Pin To Net: NetName=NetP1_5 Pin=U2-30
Added Pin To Net: NetName=NetP1_4 Pin=U2-31
Added Pin To Net: NetName=NetP1_1 Pin=U2-32
Added Pin To Net: NetName=GND Pin=U2-33
Added Pin To Net: NetName=VCC Pin=U2-34
Added Pin To Net: NetName=NetP4_2 Pin=U2-35
Added Pin To Net: NetName=NetP4_3 Pin=U2-36
Added Pin To Net: NetName=NetP4_4 Pin=U2-37
Added Pin To Net: NetName=NetP4_5 Pin=U2-38
Added Pin To Net: NetName=NetP4_6 Pin=U2-39
Added Pin To Net: NetName=NetP4_7 Pin=U2-40
Added Pin To Net: NetName=GND Pin=U2-41
Added Pin To Net: NetName=NetP4_8 Pin=U2-43
Added Pin To Net: NetName=NetP4_9 Pin=U2-44
Added Pin To Net: NetName=NetP4_10 Pin=U2-45
Added Pin To Net: NetName=NetP4_11 Pin=U2-46
Added Pin To Net: NetName=GND Pin=U2-47
Added Pin To Net: NetName=+3.3V Pin=U3-1
Added Pin To Net: NetName=GND Pin=U3-2
Added Pin To Net: NetName=GND Pin=U3-2
Added Pin To Net: NetName=GND Pin=U3-2
Added Pin To Net: NetName=GND Pin=U3-3
Added Pin To Net: NetName=GND Pin=U3-4
Added Pin To Net: NetName=GND Pin=U3-5
Added Pin To Net: NetName=NetP2_5 Pin=U3-6
Added Pin To Net: NetName=NetC4_2 Pin=U4-1
Added Pin To Net: NetName=NetC5_2 Pin=U4-2
Added Pin To Net: NetName=NetC6_2 Pin=U4-3
Added Pin To Net: NetName=NetC7_2 Pin=U4-4
Added Pin To Net: NetName=NetC8_2 Pin=U4-5
Added Pin To Net: NetName=NetC9_1 Pin=U4-6
Added Pin To Net: NetName=NetC9_2 Pin=U4-7
Added Pin To Net: NetName=NetC10_2 Pin=U4-8
Added Pin To Net: NetName=NetC10_1 Pin=U4-9
Added Pin To Net: NetName=NetC11_2 Pin=U4-10
Added Pin To Net: NetName=GND Pin=U4-11
Added Pin To Net: NetName=VCC Pin=U4-12
Added Pin To Net: NetName=NetP3_1 Pin=U4-13
Added Pin To Net: NetName=NetP3_2 Pin=U4-14
Added Pin To Net: NetName=NetP2_7 Pin=U4-15
Added Pin To Net: NetName=NetP3_3 Pin=U4-16
Added Pin To Net: NetName=NetP3_5 Pin=U4-17
Added Pin To Net: NetName=VCC Pin=U4-18
Added Pin To Net: NetName=GND Pin=U4-19
Added Pin To Net: NetName=+3.3V Pin=U5-1
Added Pin To Net: NetName=NetP2_6 Pin=U5-2
Added Pin To Net: NetName=GND Pin=U5-3
Added Pin To Net: NetName=NetP5_6 Pin=U6-1
Added Pin To Net: NetName=NetP6_5 Pin=U6-2
Added Pin To Net: NetName=NetP6_6 Pin=U6-3
Added Pin To Net: NetName=NetP6_7 Pin=U6-4
Added Pin To Net: NetName=NetP6_8 Pin=U6-5
Added Pin To Net: NetName=GND Pin=U6-6
Added Pin To Net: NetName=+3.3V Pin=U6-7
Added Pin To Net: NetName=NetP3_1 Pin=U6-8
Added Pin To Net: NetName=NetP3_2 Pin=U6-9
Added Pin To Net: NetName=NetP3_3 Pin=U6-10
Added Pin To Net: NetName=NetP3_4 Pin=U6-11
Added Pin To Net: NetName=NetP3_5 Pin=U6-14
Added Pin To Net: NetName=NetP3_6 Pin=U6-15
Added Pin To Net: NetName=NetP9_5 Pin=U6-16
Added Pin To Net: NetName=NetP9_4 Pin=U6-17
Added Pin To Net: NetName=NetP9_1 Pin=U6-18
Added Pin To Net: NetName=NetR3_1 Pin=U6-19
Added Pin To Net: NetName=NetP2_7 Pin=U6-20
Added Pin To Net: NetName=NetP2_6 Pin=U6-21
Added Pin To Net: NetName=NetP2_5 Pin=U6-22
Added Pin To Net: NetName=NetP2_4 Pin=U6-23
Added Pin To Net: NetName=NetP2_3 Pin=U6-24
Added Pin To Net: NetName=NetP7_3 Pin=U6-25
Added Pin To Net: NetName=NetP7_4 Pin=U6-26
Added Pin To Net: NetName=NetP7_5 Pin=U6-27
Added Pin To Net: NetName=+3.3V Pin=U6-28
Added Pin To Net: NetName=GND Pin=U6-29
Added Pin To Net: NetName=NetP2_1 Pin=U6-30
Added Pin To Net: NetName=NetP2_2 Pin=U6-31
Added Pin To Net: NetName=NetR6_1 Pin=U6-32
Added Pin To Net: NetName=NetP7_1 Pin=U6-35
Added Pin To Net: NetName=NetP7_2 Pin=U6-36
Added Pin To Net: NetName=+3.3V Pin=U6-37
Added Pin To Net: NetName=NetP6_1 Pin=U6-38
Added Pin To Net: NetName=NetP6_2 Pin=U6-39
Added Pin To Net: NetName=NetP6_3 Pin=U6-40
Added Pin To Net: NetName=NetP6_4 Pin=U6-41
Added Pin To Net: NetName=NetP8_2 Pin=U6-42
Added Pin To Net: NetName=NetP8_3 Pin=U6-43
Added Pin To Net: NetName=NetP5_5 Pin=U6-44
Added Member To Class: ClassName=Sheet1 Member=Component C1 10V
Added Member To Class: ClassName=Sheet1 Member=Component C2 10V
Added Member To Class: ClassName=Sheet1 Member=Component C3 10V
Added Member To Class: ClassName=Sheet1 Member=Component C4 10V
Added Member To Class: ClassName=Sheet1 Member=Component C5 10V
Added Member To Class: ClassName=Sheet1 Member=Component C6 10V
Added Member To Class: ClassName=Sheet1 Member=Component C7 10V
Added Member To Class: ClassName=Sheet1 Member=Component C8 10V
Added Member To Class: ClassName=Sheet1 Member=Component C9 10V
Added Member To Class: ClassName=Sheet1 Member=Component C10 10V
Added Member To Class: ClassName=Sheet1 Member=Component C11 10V
Added Member To Class: ClassName=Sheet1 Member=Component D1 MBR0520LT1G
Added Member To Class: ClassName=Sheet1 Member=Component D2 RED
Added Member To Class: ClassName=Sheet1 Member=Component D3 RED
Added Member To Class: ClassName=Sheet1 Member=Component D4 Green
Added Member To Class: ClassName=Sheet1 Member=Component P1 DNP Pickit3
Added Member To Class: ClassName=Sheet1 Member=Component P2 PINA
Added Member To Class: ClassName=Sheet1 Member=Component P3 PINB
Added Member To Class: ClassName=Sheet1 Member=Component P4 Header 12
Added Member To Class: ClassName=Sheet1 Member=Component P5 Header 12
Added Member To Class: ClassName=Sheet1 Member=Component P6 PIND
Added Member To Class: ClassName=Sheet1 Member=Component P7 PINC/E
Added Member To Class: ClassName=Sheet1 Member=Component P8 USB MICRO
Added Member To Class: ClassName=Sheet1 Member=Component P9 DNP pickit
Added Member To Class: ClassName=Sheet1 Member=Component R1 Res3
Added Member To Class: ClassName=Sheet1 Member=Component R2 Res3
Added Member To Class: ClassName=Sheet1 Member=Component R3 Res3
Added Member To Class: ClassName=Sheet1 Member=Component R4 Res3
Added Member To Class: ClassName=Sheet1 Member=Component R5 Res3
Added Member To Class: ClassName=Sheet1 Member=Component R6 Res3
Added Member To Class: ClassName=Sheet1 Member=Component R7 Res3
Added Member To Class: ClassName=Sheet1 Member=Component R8 Res3
Added Member To Class: ClassName=Sheet1 Member=Component S1 SW-PB
Added Member To Class: ClassName=Sheet1 Member=Component U1 MCP1825S-3302E/DB
Added Member To Class: ClassName=Sheet1 Member=Component U2 RN2903
Added Member To Class: ClassName=Sheet1 Member=Component U3 PNJ4K01FTR-ND
Added Member To Class: ClassName=Sheet1 Member=Component U4 OLED
Added Member To Class: ClassName=Sheet1 Member=Component U5 MCP9700
Added Member To Class: ClassName=Sheet1 Member=Component U6 Pic18lf45k50
Added Room: Name=Sheet1
