Added Component: Designator=J1(Antenna)
Added Pin To Net: NetName=GND Pin=J1-2
Added Pin To Net: NetName=GND Pin=J1-3
Change Net Name : Old Net Name=NetP2_1 New Net Name=NetA_1
Change Net Name : Old Net Name=NetP2_2 New Net Name=NetA_2
Change Net Name : Old Net Name=NetP2_3 New Net Name=NetA_3
Change Net Name : Old Net Name=NetP2_4 New Net Name=NetA_4
Change Net Name : Old Net Name=NetP2_5 New Net Name=NetA_5
Change Net Name : Old Net Name=NetP2_6 New Net Name=NetA_6
Change Net Name : Old Net Name=NetP2_7 New Net Name=NetA_7
Change Net Name : Old Net Name=NetP3_1 New Net Name=NetB_1
Change Net Name : Old Net Name=NetP3_2 New Net Name=NetB_2
Change Net Name : Old Net Name=NetP3_3 New Net Name=NetB_3
Change Net Name : Old Net Name=NetP3_4 New Net Name=NetB_4
Change Net Name : Old Net Name=NetP3_5 New Net Name=NetB_5
Change Net Name : Old Net Name=NetP3_6 New Net Name=NetB_6
Change Net Name : Old Net Name=NetP6_1 New Net Name=NetD_1
Change Net Name : Old Net Name=NetP6_2 New Net Name=NetD_2
Change Net Name : Old Net Name=NetP6_3 New Net Name=NetD_3
Change Net Name : Old Net Name=NetP6_4 New Net Name=NetD_4
Change Net Name : Old Net Name=NetP6_5 New Net Name=NetD_5
Change Net Name : Old Net Name=NetP6_6 New Net Name=NetD_6
Change Net Name : Old Net Name=NetP6_7 New Net Name=NetD_7
Change Net Name : Old Net Name=NetP6_8 New Net Name=NetD_8
Change Net Name : Old Net Name=NetP7_1 New Net Name=NetC/E_1
Change Net Name : Old Net Name=NetP7_2 New Net Name=NetC/E_2
Change Net Name : Old Net Name=NetP7_3 New Net Name=NetC/E_3
Change Net Name : Old Net Name=NetP7_4 New Net Name=NetC/E_4
Change Net Name : Old Net Name=NetP7_5 New Net Name=NetC/E_5
Added Pin To Net: NetName=NetJ1_1 Pin=J1-1
Added Pin To Net: NetName=NetJ1_1 Pin=U2-23
Added Net: Name=NetJ1_1
Added Member To Class: ClassName=Sheet1 Member=Component J1 Antenna
Added Room: Name=Sheet1
