Added Component: Designator=A(HDR1X7)
Added Component: Designator=B(HDR1X6)
Added Component: Designator=C1(1608[0603])
Added Component: Designator=C2(1608[0603])
Added Component: Designator=C3(1608[0603])
Added Component: Designator=C4(1608[0603])
Added Component: Designator=C5(1608[0603])
Added Component: Designator=C6(1608[0603])
Added Component: Designator=C7(1608[0603])
Added Component: Designator=C8(1608[0603])
Added Component: Designator=C9(1608[0603])
Added Component: Designator=C10(1608[0603])
Added Component: Designator=C11(1608[0603])
Added Component: Designator=C/E(HDR1X5)
Added Component: Designator=D1(Diode)
Added Component: Designator=D2(LED)
Added Component: Designator=D3(LED)
Added Component: Designator=D4(LED)
Added Component: Designator=D(HDR1X8)
Added Component: Designator=J1(Antenna)
Added Component: Designator=P4(HDR1X12)
Added Component: Designator=P5(HDR1X12)
Added Component: Designator=P10(HDR1X2)
Added Component: Designator=P11(HDR1X2)
Added Component: Designator=PK1(HDR1X6)
Added Component: Designator=PK(HDR1X6)
Added Component: Designator=R1(Resistor)
Added Component: Designator=R2(Resistor)
Added Component: Designator=R3(Resistor)
Added Component: Designator=R4(Resistor)
Added Component: Designator=R5(Resistor)
Added Component: Designator=R6(Resistor)
Added Component: Designator=R7(Resistor)
Added Component: Designator=R8(Resistor)
Added Component: Designator=S1(SPST-2)
Added Component: Designator=U1(SOT-223-DB3_L)
Added Component: Designator=U2(RN2903)
Added Component: Designator=U3(PNJ4K01FTR-ND)
Added Component: Designator=U4(OLED)
Added Component: Designator=U5(SOT95P237X10-3N)
Added Component: Designator=U6(TQFP80P1200X1200X120-44N)
Added Component: Designator=USB(CONN USB MICRO B)
Added Pin To Net: NetName=+3.3V Pin=C3-2
Added Pin To Net: NetName=+3.3V Pin=P5-11
Added Pin To Net: NetName=+3.3V Pin=U3-1
Added Pin To Net: NetName=+3.3V Pin=U5-1
Added Pin To Net: NetName=+3.3V Pin=U6-7
Added Pin To Net: NetName=+3.3V Pin=U6-28
Added Pin To Net: NetName=+3.3V Pin=U6-37
Added Net: Name=+3.3V
Added Pin To Net: NetName=+VUSB Pin=D1-2
Added Pin To Net: NetName=+VUSB Pin=R2-2
Added Pin To Net: NetName=+VUSB Pin=R3-2
Added Pin To Net: NetName=+VUSB Pin=USB-1
Added Net: Name=+VUSB
Added Pin To Net: NetName=3.3V Pin=PK-2
Added Pin To Net: NetName=3.3V Pin=R5-2
Added Net: Name=3.3V
Added Pin To Net: NetName=GND Pin=C1-1
Added Pin To Net: NetName=GND Pin=C2-1
Added Pin To Net: NetName=GND Pin=C3-1
Added Pin To Net: NetName=GND Pin=C4-1
Added Pin To Net: NetName=GND Pin=C5-1
Added Pin To Net: NetName=GND Pin=C6-1
Added Pin To Net: NetName=GND Pin=C7-1
Added Pin To Net: NetName=GND Pin=C8-1
Added Pin To Net: NetName=GND Pin=C11-1
Added Pin To Net: NetName=GND Pin=D2-2
Added Pin To Net: NetName=GND Pin=D3-2
Added Pin To Net: NetName=GND Pin=D4-2
Added Pin To Net: NetName=GND Pin=J1-2
Added Pin To Net: NetName=GND Pin=J1-3
Added Pin To Net: NetName=GND Pin=P4-12
Added Pin To Net: NetName=GND Pin=P5-12
Added Pin To Net: NetName=GND Pin=P11-1
Added Pin To Net: NetName=GND Pin=P11-2
Added Pin To Net: NetName=GND Pin=PK1-3
Added Pin To Net: NetName=GND Pin=PK-3
Added Pin To Net: NetName=GND Pin=R4-1
Added Pin To Net: NetName=GND Pin=S1-1
Added Pin To Net: NetName=GND Pin=U1-2
Added Pin To Net: NetName=GND Pin=U1-4
Added Pin To Net: NetName=GND Pin=U2-1
Added Pin To Net: NetName=GND Pin=U2-8
Added Pin To Net: NetName=GND Pin=U2-11
Added Pin To Net: NetName=GND Pin=U2-20
Added Pin To Net: NetName=GND Pin=U2-21
Added Pin To Net: NetName=GND Pin=U2-22
Added Pin To Net: NetName=GND Pin=U2-24
Added Pin To Net: NetName=GND Pin=U2-26
Added Pin To Net: NetName=GND Pin=U2-27
Added Pin To Net: NetName=GND Pin=U2-28
Added Pin To Net: NetName=GND Pin=U2-33
Added Pin To Net: NetName=GND Pin=U2-41
Added Pin To Net: NetName=GND Pin=U2-47
Added Pin To Net: NetName=GND Pin=U3-2
Added Pin To Net: NetName=GND Pin=U3-2
Added Pin To Net: NetName=GND Pin=U3-2
Added Pin To Net: NetName=GND Pin=U3-3
Added Pin To Net: NetName=GND Pin=U3-4
Added Pin To Net: NetName=GND Pin=U3-5
Added Pin To Net: NetName=GND Pin=U4-11
Added Pin To Net: NetName=GND Pin=U4-19
Added Pin To Net: NetName=GND Pin=U5-3
Added Pin To Net: NetName=GND Pin=U6-6
Added Pin To Net: NetName=GND Pin=U6-29
Added Pin To Net: NetName=GND Pin=USB-5
Added Pin To Net: NetName=GND Pin=USB-6
Added Pin To Net: NetName=GND Pin=USB-7
Added Pin To Net: NetName=GND Pin=USB-8
Added Pin To Net: NetName=GND Pin=USB-9
Added Net: Name=GND
Added Pin To Net: NetName=NetA_1 Pin=A-1
Added Pin To Net: NetName=NetA_1 Pin=R7-1
Added Pin To Net: NetName=NetA_1 Pin=U6-30
Added Net: Name=NetA_1
Added Pin To Net: NetName=NetA_2 Pin=A-2
Added Pin To Net: NetName=NetA_2 Pin=R8-1
Added Pin To Net: NetName=NetA_2 Pin=U6-31
Added Net: Name=NetA_2
Added Pin To Net: NetName=NetA_3 Pin=A-3
Added Pin To Net: NetName=NetA_3 Pin=U6-24
Added Net: Name=NetA_3
Added Pin To Net: NetName=NetA_4 Pin=A-4
Added Pin To Net: NetName=NetA_4 Pin=U6-23
Added Net: Name=NetA_4
Added Pin To Net: NetName=NetA_5 Pin=A-5
Added Pin To Net: NetName=NetA_5 Pin=U3-6
Added Pin To Net: NetName=NetA_5 Pin=U6-22
Added Net: Name=NetA_5
Added Pin To Net: NetName=NetA_6 Pin=A-6
Added Pin To Net: NetName=NetA_6 Pin=U5-2
Added Pin To Net: NetName=NetA_6 Pin=U6-21
Added Net: Name=NetA_6
Added Pin To Net: NetName=NetA_7 Pin=A-7
Added Pin To Net: NetName=NetA_7 Pin=U4-15
Added Pin To Net: NetName=NetA_7 Pin=U6-20
Added Net: Name=NetA_7
Added Pin To Net: NetName=NetB_1 Pin=B-1
Added Pin To Net: NetName=NetB_1 Pin=U4-13
Added Pin To Net: NetName=NetB_1 Pin=U6-8
Added Net: Name=NetB_1
Added Pin To Net: NetName=NetB_2 Pin=B-2
Added Pin To Net: NetName=NetB_2 Pin=U4-14
Added Pin To Net: NetName=NetB_2 Pin=U6-9
Added Net: Name=NetB_2
Added Pin To Net: NetName=NetB_3 Pin=B-3
Added Pin To Net: NetName=NetB_3 Pin=U4-16
Added Pin To Net: NetName=NetB_3 Pin=U6-10
Added Net: Name=NetB_3
Added Pin To Net: NetName=NetB_4 Pin=B-4
Added Pin To Net: NetName=NetB_4 Pin=U6-11
Added Net: Name=NetB_4
Added Pin To Net: NetName=NetB_5 Pin=B-5
Added Pin To Net: NetName=NetB_5 Pin=U4-17
Added Pin To Net: NetName=NetB_5 Pin=U6-14
Added Net: Name=NetB_5
Added Pin To Net: NetName=NetB_6 Pin=B-6
Added Pin To Net: NetName=NetB_6 Pin=U6-15
Added Net: Name=NetB_6
Added Pin To Net: NetName=NetC1_2 Pin=C1-2
Added Pin To Net: NetName=NetC1_2 Pin=D1-1
Added Pin To Net: NetName=NetC1_2 Pin=U1-1
Added Net: Name=NetC1_2
Added Pin To Net: NetName=NetC4_2 Pin=C4-2
Added Pin To Net: NetName=NetC4_2 Pin=U4-1
Added Net: Name=NetC4_2
Added Pin To Net: NetName=NetC5_2 Pin=C5-2
Added Pin To Net: NetName=NetC5_2 Pin=U4-2
Added Net: Name=NetC5_2
Added Pin To Net: NetName=NetC6_2 Pin=C6-2
Added Pin To Net: NetName=NetC6_2 Pin=U4-3
Added Net: Name=NetC6_2
Added Pin To Net: NetName=NetC7_2 Pin=C7-2
Added Pin To Net: NetName=NetC7_2 Pin=U4-4
Added Net: Name=NetC7_2
Added Pin To Net: NetName=NetC8_2 Pin=C8-2
Added Pin To Net: NetName=NetC8_2 Pin=U4-5
Added Net: Name=NetC8_2
Added Pin To Net: NetName=NetC9_1 Pin=C9-1
Added Pin To Net: NetName=NetC9_1 Pin=U4-6
Added Net: Name=NetC9_1
Added Pin To Net: NetName=NetC9_2 Pin=C9-2
Added Pin To Net: NetName=NetC9_2 Pin=U4-7
Added Net: Name=NetC9_2
Added Pin To Net: NetName=NetC10_1 Pin=C10-1
Added Pin To Net: NetName=NetC10_1 Pin=U4-9
Added Net: Name=NetC10_1
Added Pin To Net: NetName=NetC10_2 Pin=C10-2
Added Pin To Net: NetName=NetC10_2 Pin=U4-8
Added Net: Name=NetC10_2
Added Pin To Net: NetName=NetC11_2 Pin=C11-2
Added Pin To Net: NetName=NetC11_2 Pin=U4-10
Added Net: Name=NetC11_2
Added Pin To Net: NetName=NetC/E_1 Pin=C/E-1
Added Pin To Net: NetName=NetC/E_1 Pin=U6-35
Added Net: Name=NetC/E_1
Added Pin To Net: NetName=NetC/E_2 Pin=C/E-2
Added Pin To Net: NetName=NetC/E_2 Pin=U6-36
Added Net: Name=NetC/E_2
Added Pin To Net: NetName=NetC/E_3 Pin=C/E-3
Added Pin To Net: NetName=NetC/E_3 Pin=U6-25
Added Net: Name=NetC/E_3
Added Pin To Net: NetName=NetC/E_4 Pin=C/E-4
Added Pin To Net: NetName=NetC/E_4 Pin=U6-26
Added Net: Name=NetC/E_4
Added Pin To Net: NetName=NetC/E_5 Pin=C/E-5
Added Pin To Net: NetName=NetC/E_5 Pin=U6-27
Added Net: Name=NetC/E_5
Added Pin To Net: NetName=NetD2_1 Pin=D2-1
Added Pin To Net: NetName=NetD2_1 Pin=R2-1
Added Net: Name=NetD2_1
Added Pin To Net: NetName=NetD3_1 Pin=D3-1
Added Pin To Net: NetName=NetD3_1 Pin=R7-2
Added Net: Name=NetD3_1
Added Pin To Net: NetName=NetD4_1 Pin=D4-1
Added Pin To Net: NetName=NetD4_1 Pin=R8-2
Added Net: Name=NetD4_1
Added Pin To Net: NetName=NetD_1 Pin=D-1
Added Pin To Net: NetName=NetD_1 Pin=U6-38
Added Net: Name=NetD_1
Added Pin To Net: NetName=NetD_2 Pin=D-2
Added Pin To Net: NetName=NetD_2 Pin=U6-39
Added Net: Name=NetD_2
Added Pin To Net: NetName=NetD_3 Pin=D-3
Added Pin To Net: NetName=NetD_3 Pin=U6-40
Added Net: Name=NetD_3
Added Pin To Net: NetName=NetD_4 Pin=D-4
Added Pin To Net: NetName=NetD_4 Pin=U6-41
Added Net: Name=NetD_4
Added Pin To Net: NetName=NetD_5 Pin=D-5
Added Pin To Net: NetName=NetD_5 Pin=U6-2
Added Net: Name=NetD_5
Added Pin To Net: NetName=NetD_6 Pin=D-6
Added Pin To Net: NetName=NetD_6 Pin=U6-3
Added Net: Name=NetD_6
Added Pin To Net: NetName=NetD_7 Pin=D-7
Added Pin To Net: NetName=NetD_7 Pin=U6-4
Added Net: Name=NetD_7
Added Pin To Net: NetName=NetD_8 Pin=D-8
Added Pin To Net: NetName=NetD_8 Pin=U6-5
Added Net: Name=NetD_8
Added Pin To Net: NetName=NetJ1_1 Pin=J1-1
Added Pin To Net: NetName=NetJ1_1 Pin=U2-23
Added Net: Name=NetJ1_1
Added Pin To Net: NetName=NetP4_1 Pin=P4-1
Added Pin To Net: NetName=NetP4_1 Pin=PK1-1
Added Pin To Net: NetName=NetP4_1 Pin=R1-1
Added Pin To Net: NetName=NetP4_1 Pin=U2-32
Added Net: Name=NetP4_1
Added Pin To Net: NetName=NetP4_2 Pin=P4-2
Added Pin To Net: NetName=NetP4_2 Pin=U2-35
Added Net: Name=NetP4_2
Added Pin To Net: NetName=NetP4_3 Pin=P4-3
Added Pin To Net: NetName=NetP4_3 Pin=U2-36
Added Net: Name=NetP4_3
Added Pin To Net: NetName=NetP4_4 Pin=P4-4
Added Pin To Net: NetName=NetP4_4 Pin=U2-37
Added Net: Name=NetP4_4
Added Pin To Net: NetName=NetP4_5 Pin=P4-5
Added Pin To Net: NetName=NetP4_5 Pin=U2-38
Added Net: Name=NetP4_5
Added Pin To Net: NetName=NetP4_6 Pin=P4-6
Added Pin To Net: NetName=NetP4_6 Pin=U2-39
Added Net: Name=NetP4_6
Added Pin To Net: NetName=NetP4_7 Pin=P4-7
Added Pin To Net: NetName=NetP4_7 Pin=U2-40
Added Net: Name=NetP4_7
Added Pin To Net: NetName=NetP4_8 Pin=P4-8
Added Pin To Net: NetName=NetP4_8 Pin=U2-43
Added Net: Name=NetP4_8
Added Pin To Net: NetName=NetP4_9 Pin=P4-9
Added Pin To Net: NetName=NetP4_9 Pin=U2-44
Added Net: Name=NetP4_9
Added Pin To Net: NetName=NetP4_10 Pin=P4-10
Added Pin To Net: NetName=NetP4_10 Pin=U2-45
Added Net: Name=NetP4_10
Added Pin To Net: NetName=NetP4_11 Pin=P4-11
Added Pin To Net: NetName=NetP4_11 Pin=U2-46
Added Net: Name=NetP4_11
Added Pin To Net: NetName=NetP5_1 Pin=P5-1
Added Pin To Net: NetName=NetP5_1 Pin=U2-14
Added Net: Name=NetP5_1
Added Pin To Net: NetName=NetP5_2 Pin=P5-2
Added Pin To Net: NetName=NetP5_2 Pin=U2-13
Added Net: Name=NetP5_2
Added Pin To Net: NetName=NetP5_3 Pin=P5-3
Added Pin To Net: NetName=NetP5_3 Pin=U2-10
Added Net: Name=NetP5_3
Added Pin To Net: NetName=NetP5_4 Pin=P5-4
Added Pin To Net: NetName=NetP5_4 Pin=U2-9
Added Net: Name=NetP5_4
Added Pin To Net: NetName=NetP5_5 Pin=P5-5
Added Pin To Net: NetName=NetP5_5 Pin=U2-7
Added Pin To Net: NetName=NetP5_5 Pin=U6-44
Added Net: Name=NetP5_5
Added Pin To Net: NetName=NetP5_6 Pin=P5-6
Added Pin To Net: NetName=NetP5_6 Pin=U2-6
Added Pin To Net: NetName=NetP5_6 Pin=U6-1
Added Net: Name=NetP5_6
Added Pin To Net: NetName=NetP5_7 Pin=P5-7
Added Pin To Net: NetName=NetP5_7 Pin=U2-5
Added Net: Name=NetP5_7
Added Pin To Net: NetName=NetP5_8 Pin=P5-8
Added Pin To Net: NetName=NetP5_8 Pin=U2-4
Added Net: Name=NetP5_8
Added Pin To Net: NetName=NetP5_9 Pin=P5-9
Added Pin To Net: NetName=NetP5_9 Pin=U2-3
Added Net: Name=NetP5_9
Added Pin To Net: NetName=NetP5_10 Pin=P5-10
Added Pin To Net: NetName=NetP5_10 Pin=U2-2
Added Net: Name=NetP5_10
Added Pin To Net: NetName=NetPK1_4 Pin=PK1-4
Added Pin To Net: NetName=NetPK1_4 Pin=U2-31
Added Net: Name=NetPK1_4
Added Pin To Net: NetName=NetPK1_5 Pin=PK1-5
Added Pin To Net: NetName=NetPK1_5 Pin=U2-30
Added Net: Name=NetPK1_5
Added Pin To Net: NetName=NetPK_1 Pin=PK-1
Added Pin To Net: NetName=NetPK_1 Pin=R5-1
Added Pin To Net: NetName=NetPK_1 Pin=U6-18
Added Net: Name=NetPK_1
Added Pin To Net: NetName=NetPK_4 Pin=PK-4
Added Pin To Net: NetName=NetPK_4 Pin=U6-17
Added Net: Name=NetPK_4
Added Pin To Net: NetName=NetPK_5 Pin=PK-5
Added Pin To Net: NetName=NetPK_5 Pin=U6-16
Added Net: Name=NetPK_5
Added Pin To Net: NetName=NetR3_1 Pin=R3-1
Added Pin To Net: NetName=NetR3_1 Pin=R4-2
Added Pin To Net: NetName=NetR3_1 Pin=U6-19
Added Net: Name=NetR3_1
Added Pin To Net: NetName=NetR6_1 Pin=R6-1
Added Pin To Net: NetName=NetR6_1 Pin=S1-2
Added Pin To Net: NetName=NetR6_1 Pin=U6-32
Added Net: Name=NetR6_1
Added Pin To Net: NetName=NetU6_42 Pin=U6-42
Added Pin To Net: NetName=NetU6_42 Pin=USB-2
Added Net: Name=NetU6_42
Added Pin To Net: NetName=NetU6_43 Pin=U6-43
Added Pin To Net: NetName=NetU6_43 Pin=USB-3
Added Net: Name=NetU6_43
Added Pin To Net: NetName=VCC Pin=C2-2
Added Pin To Net: NetName=VCC Pin=P10-1
Added Pin To Net: NetName=VCC Pin=P10-2
Added Pin To Net: NetName=VCC Pin=PK1-2
Added Pin To Net: NetName=VCC Pin=R1-2
Added Pin To Net: NetName=VCC Pin=R6-2
Added Pin To Net: NetName=VCC Pin=U1-3
Added Pin To Net: NetName=VCC Pin=U2-12
Added Pin To Net: NetName=VCC Pin=U2-34
Added Pin To Net: NetName=VCC Pin=U4-12
Added Pin To Net: NetName=VCC Pin=U4-18
Added Net: Name=VCC
Added Class: Name=Sheet1
Added Room: Name=Sheet1
